> show dbs
> use webdev
> db.movies.insert({title: 'Aliens', rating: 4.5})
WriteResult({ "nInserted" : 1 })
> show dbs
> db.movies.insert({title: 'Terminator', rating: 4.8})
WriteResult({ "nInserted" : 1 })
> db.movies.insert({title: 'Avatar', rating: 4.7})
WriteResult({ "nInserted" : 1 })
> db.movies.insert({title: 'Dune', rating: 4.9})
WriteResult({ "nInserted" : 1 })
> db.movies.find()
> db.movies.find({_id: ObjectId("619349dcf53ad0f89897561a")})
> db.movies.find({title: 'Aliens'})
> db.movies.find().pretty()
> db.movies.updateOne({title: 'Avatar'}, { $set: {rating: 4.9}})
{ "acknowledged" : true, "matchedCount" : 1, "modifiedCount" : 1 }
> db.movies.updateOne({_id: ObjectId("6193498df53ad0f898975618")}, {$set: {rating: 4.5}})
{ "acknowledged" : true, "matchedCount" : 1, "modifiedCount" : 1 }
> db.movies.deleteOne({_id: ObjectId("61934e4facf96f483d66a2d3")})
{ "acknowledged" : true, "deletedCount" : 1 }
> db.movies.find()
{ "_id" : ObjectId("61934e47acf96f483d66a2d2"), "title" : "Aliens", "rating" : 4.5 }
{ "_id" : ObjectId("61934e58acf96f483d66a2d4"), "title" : "Avatar", "rating" : 4.9 }
{ "_id" : ObjectId("61934e68acf96f483d66a2d5"), "title" : "Dune", "rating" : 4.9 }
 
